
Showing logs for build [32mcb-kubecd-environment-pr-209-9-62pw7-1[0m stage [32mfrom-build-pack[0m and container [32mstep-credential-initializer-7955k[0m
{"level":"info","ts":1587755113.7931542,"logger":"fallback-logger","caller":"logging/config.go:69","msg":"Fetch GitHub commit ID from kodata failed: open /var/run/ko/refs/heads/0.8.0-ns-support: no such file or directory"}
{"level":"info","ts":1587755113.7937663,"logger":"fallback-logger","caller":"creds-init/main.go:40","msg":"Credentials initialized."}

Showing logs for build [32mcb-kubecd-environment-pr-209-9-62pw7-1[0m stage [32mfrom-build-pack[0m and container [32mstep-working-dir-initializer-dz4ph[0m
{"level":"info","ts":1587755114.8028445,"logger":"fallback-logger","caller":"logging/config.go:69","msg":"Fetch GitHub commit ID from kodata failed: open /var/run/ko/HEAD: no such file or directory"}
{"level":"info","ts":1587755114.8043087,"logger":"fallback-logger","caller":"bash/main.go:64","msg":"Successfully executed command \"sh -c mkdir -p /workspace/source\"; output "}

Showing logs for build [32mcb-kubecd-environment-pr-209-9-62pw7-1[0m stage [32mfrom-build-pack[0m and container [32mstep-place-tools[0m

Showing logs for build [32mcb-kubecd-environment-pr-209-9-62pw7-1[0m stage [32mfrom-build-pack[0m and container [32mstep-git-source-cb-kubecd-environment-pr-209-9-62pw7-tlzlh[0m
{"level":"info","ts":1587755120.9091208,"logger":"fallback-logger","caller":"logging/config.go:69","msg":"Fetch GitHub commit ID from kodata failed: open /var/run/ko/refs/heads/0.8.0-ns-support: no such file or directory"}
{"level":"info","ts":1587755121.9943652,"logger":"fallback-logger","caller":"git/git.go:103","msg":"Successfully cloned https://github.com/cb-kubecd/environment-pr-209-9-boot-gke-staging.git @ master in path /workspace/source"}

Showing logs for build [32mcb-kubecd-environment-pr-209-9-62pw7-1[0m stage [32mfrom-build-pack[0m and container [32mstep-git-merge[0m
Using SHAs from PULL_REFS=master:0e7668ed299923adbbe33c5b6fc80b43c16474e5,3:c9a4baa92ebad4203524401be59bceba02b52c89
DEBUG: LC_ALL=C JX_LOG_LEVEL=error git fetch origin --unshallow c9a4baa92ebad4203524401be59bceba02b52c89: 0e7668ed299923adbbe33c5b6fc80b43c16474e5:
DEBUG: ran git fetch --unshallow origin c9a4baa92ebad4203524401be59bceba02b52c89: 0e7668ed299923adbbe33c5b6fc80b43c16474e5: in 
DEBUG: LC_ALL=C JX_LOG_LEVEL=error git branch
DEBUG: LC_ALL=C JX_LOG_LEVEL=error git checkout master
DEBUG: ran git checkout master in 
DEBUG: LC_ALL=C JX_LOG_LEVEL=error git reset --hard 0e7668ed299923adbbe33c5b6fc80b43c16474e5
DEBUG: ran git reset --hard 0e7668ed299923adbbe33c5b6fc80b43c16474e5 in 
DEBUG: LC_ALL=C JX_LOG_LEVEL=error git clean -fd .
DEBUG: ran clean --force -d . in 
DEBUG: LC_ALL=C JX_LOG_LEVEL=error git merge c9a4baa92ebad4203524401be59bceba02b52c89
DEBUG: ran git merge c9a4baa92ebad4203524401be59bceba02b52c89 in 
DEBUG: LC_ALL=C JX_LOG_LEVEL=error git log --format=%H%x1f%an%x1f%ae%x1f%cn%x1f%ce%x1f%s%n%b%x1e 0e7668ed299923adbbe33c5b6fc80b43c16474e5..HEAD
Merged SHA c9a4baa92ebad4203524401be59bceba02b52c89 with commit message 'chore: Promote bdd-nh-1587754056 to version 0.0.1' into base branch master

Showing logs for build [32mcb-kubecd-environment-pr-209-9-62pw7-1[0m stage [32mfrom-build-pack[0m and container [32mstep-build-helm-build[0m
WARNING: No $CHART_REPOSITORY defined so using the default value of: http://jenkins-x-chartmuseum:8080
Adding missing Helm repo: storage.googleapis.com https://storage.googleapis.com/chartmuseum.jenkins-x.io
WARNING: No secrets found on "helm/repos" due: reading the secret "helm/repos" from vault: no secret "helm/repos" not found in vault
Read credentials for https://storage.googleapis.com/chartmuseum.jenkins-x.io from vault helm/repos
Successfully added Helm repository storage.googleapis.com.
Adding missing Helm repo: jenkins-x-chartmuseum http://jenkins-x-chartmuseum:8080
WARNING: No secrets found on "helm/repos" due: reading the secret "helm/repos" from vault: no secret "helm/repos" not found in vault
Read credentials for http://jenkins-x-chartmuseum:8080 from vault helm/repos
Successfully added Helm repository jenkins-x-chartmuseum.
WARNING: No $CHART_REPOSITORY defined so using the default value of: http://jenkins-x-chartmuseum:8080
Adding missing Helm repo: chartmuseum.jenkins-x.io http://chartmuseum.jenkins-x.io
WARNING: No secrets found on "helm/repos" due: reading the secret "helm/repos" from vault: no secret "helm/repos" not found in vault
Read credentials for http://chartmuseum.jenkins-x.io from vault helm/repos
Successfully added Helm repository chartmuseum.jenkins-x.io.
