
Showing logs for build [32mcb-kubecd-environment-pr-209-9-zrx9j-1[0m stage [32mfrom-build-pack[0m and container [32mstep-credential-initializer-xzlcg[0m
{"level":"info","ts":1587753287.5853496,"logger":"fallback-logger","caller":"logging/config.go:69","msg":"Fetch GitHub commit ID from kodata failed: open /var/run/ko/refs/heads/0.8.0-ns-support: no such file or directory"}
{"level":"info","ts":1587753287.586315,"logger":"fallback-logger","caller":"creds-init/main.go:40","msg":"Credentials initialized."}

Showing logs for build [32mcb-kubecd-environment-pr-209-9-zrx9j-1[0m stage [32mfrom-build-pack[0m and container [32mstep-working-dir-initializer-hzn2r[0m
{"level":"info","ts":1587753288.5530684,"logger":"fallback-logger","caller":"logging/config.go:69","msg":"Fetch GitHub commit ID from kodata failed: open /var/run/ko/HEAD: no such file or directory"}
{"level":"info","ts":1587753288.5565577,"logger":"fallback-logger","caller":"bash/main.go:64","msg":"Successfully executed command \"sh -c mkdir -p /workspace/source\"; output "}

Showing logs for build [32mcb-kubecd-environment-pr-209-9-zrx9j-1[0m stage [32mfrom-build-pack[0m and container [32mstep-place-tools[0m

Showing logs for build [32mcb-kubecd-environment-pr-209-9-zrx9j-1[0m stage [32mfrom-build-pack[0m and container [32mstep-git-source-cb-kubecd-environment-pr-209-9-zrx9j-nnpkm[0m
{"level":"info","ts":1587753294.6521382,"logger":"fallback-logger","caller":"logging/config.go:69","msg":"Fetch GitHub commit ID from kodata failed: open /var/run/ko/refs/heads/0.8.0-ns-support: no such file or directory"}
{"level":"info","ts":1587753295.76445,"logger":"fallback-logger","caller":"git/git.go:103","msg":"Successfully cloned https://github.com/cb-kubecd/environment-pr-209-9-boot-gke-staging.git @ master in path /workspace/source"}

Showing logs for build [32mcb-kubecd-environment-pr-209-9-zrx9j-1[0m stage [32mfrom-build-pack[0m and container [32mstep-git-merge[0m
Using SHAs from PULL_REFS=master:7f20ebd191d91609aa53e02b56bb6cf473d7362d,1:eea574f3caa5e96db76d9895ddee78f42d0a9327
DEBUG: LC_ALL=C JX_LOG_LEVEL=error git fetch origin --unshallow eea574f3caa5e96db76d9895ddee78f42d0a9327: 7f20ebd191d91609aa53e02b56bb6cf473d7362d:
DEBUG: ran git fetch --unshallow origin eea574f3caa5e96db76d9895ddee78f42d0a9327: 7f20ebd191d91609aa53e02b56bb6cf473d7362d: in 
DEBUG: LC_ALL=C JX_LOG_LEVEL=error git branch
DEBUG: LC_ALL=C JX_LOG_LEVEL=error git checkout master
DEBUG: ran git checkout master in 
DEBUG: LC_ALL=C JX_LOG_LEVEL=error git reset --hard 7f20ebd191d91609aa53e02b56bb6cf473d7362d
DEBUG: ran git reset --hard 7f20ebd191d91609aa53e02b56bb6cf473d7362d in 
DEBUG: LC_ALL=C JX_LOG_LEVEL=error git clean -fd .
DEBUG: ran clean --force -d . in 
DEBUG: JX_LOG_LEVEL=error LC_ALL=C git merge eea574f3caa5e96db76d9895ddee78f42d0a9327
DEBUG: ran git merge eea574f3caa5e96db76d9895ddee78f42d0a9327 in 
DEBUG: JX_LOG_LEVEL=error LC_ALL=C git log --format=%H%x1f%an%x1f%ae%x1f%cn%x1f%ce%x1f%s%n%b%x1e 7f20ebd191d91609aa53e02b56bb6cf473d7362d..HEAD
Merged SHA eea574f3caa5e96db76d9895ddee78f42d0a9327 with commit message 'chore: Promote bdd-spring-1587752976 to version 0.0.1' into base branch master

Showing logs for build [32mcb-kubecd-environment-pr-209-9-zrx9j-1[0m stage [32mfrom-build-pack[0m and container [32mstep-build-helm-build[0m
WARNING: No $CHART_REPOSITORY defined so using the default value of: http://jenkins-x-chartmuseum:8080
Adding missing Helm repo: storage.googleapis.com https://storage.googleapis.com/chartmuseum.jenkins-x.io
WARNING: No secrets found on "helm/repos" due: reading the secret "helm/repos" from vault: no secret "helm/repos" not found in vault
Read credentials for https://storage.googleapis.com/chartmuseum.jenkins-x.io from vault helm/repos
Successfully added Helm repository storage.googleapis.com.
Adding missing Helm repo: jenkins-x-chartmuseum http://jenkins-x-chartmuseum:8080
WARNING: No secrets found on "helm/repos" due: reading the secret "helm/repos" from vault: no secret "helm/repos" not found in vault
Read credentials for http://jenkins-x-chartmuseum:8080 from vault helm/repos
Successfully added Helm repository jenkins-x-chartmuseum.
WARNING: No $CHART_REPOSITORY defined so using the default value of: http://jenkins-x-chartmuseum:8080
Adding missing Helm repo: chartmuseum.jenkins-x.io http://chartmuseum.jenkins-x.io
WARNING: No secrets found on "helm/repos" due: reading the secret "helm/repos" from vault: no secret "helm/repos" not found in vault
Read credentials for http://chartmuseum.jenkins-x.io from vault helm/repos
Successfully added Helm repository chartmuseum.jenkins-x.io.
